 
Ansoft Maxwell Version 14.0.0, Build: 2010-10-25 04:49:02
Location: C:\Program Files (x86)\Ansoft\Maxwell14.0\Maxwell.exe
Non Graphical Mode: No Project??
Starting Batch Run: 9:41:01 AM  May 17, 2018
Running as user: DESKTOP-E8IQDU2\Fastec
Temp directory: C:\Users\Fastec\AppData\Local\Temp
Project directory: C:\Users\Fastec\Documents\Ansoft
[warning] Unable to find script file E:/PhD.Calculation/Matlab_NSGAII_Ratio_17.05.2018/maxwell/E.vbs.
-- Message Window --
      *Global - Messages
        [warning] The application could not resolve the IP address of this machine: remote analysis and remote distributed analysis will not work.
-- Message Window --
 
Ansoft Maxwell Version 14.0.0, Build: 2010-10-25 04:49:02
Location: C:\Program Files (x86)\Ansoft\Maxwell14.0\Maxwell.exe
Non Graphical Mode: No Project??
Starting Batch Run: 9:41:03 AM  May 17, 2018
Running as user: DESKTOP-E8IQDU2\Fastec
Temp directory: C:\Users\Fastec\AppData\Local\Temp
Project directory: C:\Users\Fastec\Documents\Ansoft
[warning] Unable to find script file E:/PhD.Calculation/Matlab_NSGAII_Ratio_17.05.2018/maxwell/X.vbs.
-- Message Window --
      *Global - Messages
        [warning] The application could not resolve the IP address of this machine: remote analysis and remote distributed analysis will not work.
-- Message Window --
 
Ansoft Maxwell Version 14.0.0, Build: 2010-10-25 04:49:02
Location: C:\Program Files (x86)\Ansoft\Maxwell14.0\Maxwell.exe
Non Graphical Mode: No Project??
Starting Batch Run: 9:41:04 AM  May 17, 2018
Running as user: DESKTOP-E8IQDU2\Fastec
Temp directory: C:\Users\Fastec\AppData\Local\Temp
Project directory: C:\Users\Fastec\Documents\Ansoft
[warning] Unable to find script file E:/PhD.Calculation/Matlab_NSGAII_Ratio_17.05.2018/maxwell/_.vbs.
-- Message Window --
      *Global - Messages
        [warning] The application could not resolve the IP address of this machine: remote analysis and remote distributed analysis will not work.
-- Message Window --
 
Ansoft Maxwell Version 14.0.0, Build: 2010-10-25 04:49:02
Location: C:\Program Files (x86)\Ansoft\Maxwell14.0\Maxwell.exe
Non Graphical Mode: No Project??
Starting Batch Run: 9:41:05 AM  May 17, 2018
Running as user: DESKTOP-E8IQDU2\Fastec
Temp directory: C:\Users\Fastec\AppData\Local\Temp
Project directory: C:\Users\Fastec\Documents\Ansoft
[warning] Unable to find script file E:/PhD.Calculation/Matlab_NSGAII_Ratio_17.05.2018/maxwell/B.vbs.
-- Message Window --
      *Global - Messages
        [warning] The application could not resolve the IP address of this machine: remote analysis and remote distributed analysis will not work.
-- Message Window --
 
Ansoft Maxwell Version 14.0.0, Build: 2010-10-25 04:49:02
Location: C:\Program Files (x86)\Ansoft\Maxwell14.0\Maxwell.exe
Non Graphical Mode: No Project??
Starting Batch Run: 9:41:06 AM  May 17, 2018
Running as user: DESKTOP-E8IQDU2\Fastec
Temp directory: C:\Users\Fastec\AppData\Local\Temp
Project directory: C:\Users\Fastec\Documents\Ansoft
[warning] Unable to find script file E:/PhD.Calculation/Matlab_NSGAII_Ratio_17.05.2018/maxwell/a.vbs.
-- Message Window --
      *Global - Messages
        [warning] The application could not resolve the IP address of this machine: remote analysis and remote distributed analysis will not work.
-- Message Window --
 
Ansoft Maxwell Version 14.0.0, Build: 2010-10-25 04:49:02
Location: C:\Program Files (x86)\Ansoft\Maxwell14.0\Maxwell.exe
Non Graphical Mode: No Project??
Starting Batch Run: 9:41:07 AM  May 17, 2018
Running as user: DESKTOP-E8IQDU2\Fastec
Temp directory: C:\Users\Fastec\AppData\Local\Temp
Project directory: C:\Users\Fastec\Documents\Ansoft
[warning] Unable to find script file E:/PhD.Calculation/Matlab_NSGAII_Ratio_17.05.2018/maxwell/k.vbs.
-- Message Window --
      *Global - Messages
        [warning] The application could not resolve the IP address of this machine: remote analysis and remote distributed analysis will not work.
-- Message Window --
 
Ansoft Maxwell Version 14.0.0, Build: 2010-10-25 04:49:02
Location: C:\Program Files (x86)\Ansoft\Maxwell14.0\Maxwell.exe
Non Graphical Mode: No Project??
Starting Batch Run: 9:41:08 AM  May 17, 2018
Running as user: DESKTOP-E8IQDU2\Fastec
Temp directory: C:\Users\Fastec\AppData\Local\Temp
Project directory: C:\Users\Fastec\Documents\Ansoft
[warning] Unable to find script file E:/PhD.Calculation/Matlab_NSGAII_Ratio_17.05.2018/maxwell/s.vbs.
-- Message Window --
      *Global - Messages
        [warning] The application could not resolve the IP address of this machine: remote analysis and remote distributed analysis will not work.
-- Message Window --
 
Ansoft Maxwell Version 14.0.0, Build: 2010-10-25 04:49:02
Location: C:\Program Files (x86)\Ansoft\Maxwell14.0\Maxwell.exe
Non Graphical Mode: No Project??
Starting Batch Run: 9:41:09 AM  May 17, 2018
Running as user: DESKTOP-E8IQDU2\Fastec
Temp directory: C:\Users\Fastec\AppData\Local\Temp
Project directory: C:\Users\Fastec\Documents\Ansoft
[warning] Unable to find script file E:/PhD.Calculation/Matlab_NSGAII_Ratio_17.05.2018/maxwell/a.vbs.
-- Message Window --
      *Global - Messages
        [warning] The application could not resolve the IP address of this machine: remote analysis and remote distributed analysis will not work.
-- Message Window --
 
Ansoft Maxwell Version 14.0.0, Build: 2010-10-25 04:49:02
Location: C:\Program Files (x86)\Ansoft\Maxwell14.0\Maxwell.exe
Non Graphical Mode: No Project??
Starting Batch Run: 9:41:09 AM  May 17, 2018
Running as user: DESKTOP-E8IQDU2\Fastec
Temp directory: C:\Users\Fastec\AppData\Local\Temp
Project directory: C:\Users\Fastec\Documents\Ansoft
[warning] Unable to find script file E:/PhD.Calculation/Matlab_NSGAII_Ratio_17.05.2018/maxwell/n.vbs.
-- Message Window --
      *Global - Messages
        [warning] The application could not resolve the IP address of this machine: remote analysis and remote distributed analysis will not work.
-- Message Window --
 
Ansoft Maxwell Version 14.0.0, Build: 2010-10-25 04:49:02
Location: C:\Program Files (x86)\Ansoft\Maxwell14.0\Maxwell.exe
Non Graphical Mode: No Project??
Starting Batch Run: 9:41:10 AM  May 17, 2018
Running as user: DESKTOP-E8IQDU2\Fastec
Temp directory: C:\Users\Fastec\AppData\Local\Temp
Project directory: C:\Users\Fastec\Documents\Ansoft
[warning] Unable to find script file E:/PhD.Calculation/Matlab_NSGAII_Ratio_17.05.2018/maxwell/E.vbs.
-- Message Window --
      *Global - Messages
        [warning] The application could not resolve the IP address of this machine: remote analysis and remote distributed analysis will not work.
-- Message Window --
 
Ansoft Maxwell Version 14.0.0, Build: 2010-10-25 04:49:02
Location: C:\Program Files (x86)\Ansoft\Maxwell14.0\Maxwell.exe
Non Graphical Mode: No Project??
Starting Batch Run: 9:41:11 AM  May 17, 2018
Running as user: DESKTOP-E8IQDU2\Fastec
Temp directory: C:\Users\Fastec\AppData\Local\Temp
Project directory: C:\Users\Fastec\Documents\Ansoft
[warning] Unable to find script file E:/PhD.Calculation/Matlab_NSGAII_Ratio_17.05.2018/maxwell/X.vbs.
-- Message Window --
      *Global - Messages
        [warning] The application could not resolve the IP address of this machine: remote analysis and remote distributed analysis will not work.
-- Message Window --
 
Ansoft Maxwell Version 14.0.0, Build: 2010-10-25 04:49:02
Location: C:\Program Files (x86)\Ansoft\Maxwell14.0\Maxwell.exe
Non Graphical Mode: No Project??
Starting Batch Run: 9:41:12 AM  May 17, 2018
Running as user: DESKTOP-E8IQDU2\Fastec
Temp directory: C:\Users\Fastec\AppData\Local\Temp
Project directory: C:\Users\Fastec\Documents\Ansoft
[warning] Unable to find script file E:/PhD.Calculation/Matlab_NSGAII_Ratio_17.05.2018/maxwell/_.vbs.
-- Message Window --
      *Global - Messages
        [warning] The application could not resolve the IP address of this machine: remote analysis and remote distributed analysis will not work.
-- Message Window --
 
Ansoft Maxwell Version 14.0.0, Build: 2010-10-25 04:49:02
Location: C:\Program Files (x86)\Ansoft\Maxwell14.0\Maxwell.exe
Non Graphical Mode: No Project??
Starting Batch Run: 9:45:31 AM  May 17, 2018
Running as user: DESKTOP-E8IQDU2\Fastec
Temp directory: C:\Users\Fastec\AppData\Local\Temp
Project directory: C:\Users\Fastec\Documents\Ansoft
[warning] Unable to find script file E:/PhD.Calculation/Matlab_NSGAII_Ratio_17.05.2018/maxwell/E.vbs.
-- Message Window --
      *Global - Messages
        [warning] The application could not resolve the IP address of this machine: remote analysis and remote distributed analysis will not work.
-- Message Window --
